# JRE version: OpenJDK Runtime Environment (17.0.10) (build 17.0.10+0--11572160)
# Java VM: OpenJDK 64-Bit Server VM (17.0.10+0--11572160, mixed mode, tiered, compressed oops, compressed class ptrs, g1 gc, windows-amd64)
GC Precious Log:
 CPUs: 12 total, 12 available
 Memory: 7916M
 Large Page Support: Disabled
 NUMA Support: Disabled
 Compressed Oops: Enabled (32-bit)
 Heap Region Size: 1M
 Heap Min Capacity: 8M
 Heap Initial Capacity: 124M
 Heap Max Capacity: 2G
 Pre-touch: Disabled
 Parallel Workers: 10
 Concurrent Workers: 3
 Concurrent Refinement Workers: 10
 Periodic GC: Disabled
Heap:
 garbage-first heap   total 221184K, used 137859K [0x0000000080000000, 0x0000000100000000)
  region size 1024K, 49 young (50176K), 9 survivors (9216K)
 Metaspace       used 105801K, committed 106560K, reserved 1179648K
  class space    used 14811K, committed 15168K, reserved 1048576K
GC Heap History (20 events):
Event: 16.708 GC heap before
{Heap before GC invocations=23 (full 0):
 garbage-first heap   total 90112K, used 71062K [0x0000000080000000, 0x0000000100000000)
  region size 1024K, 8 young (8192K), 1 survivors (1024K)
 Metaspace       used 64880K, committed 65408K, reserved 1114112K
  class space    used 8906K, committed 9152K, reserved 1048576K
}
Event: 16.709 GC heap after
{Heap after GC invocations=24 (full 0):
 garbage-first heap   total 90112K, used 64960K [0x0000000080000000, 0x0000000100000000)
  region size 1024K, 1 young (1024K), 1 survivors (1024K)
 Metaspace       used 64880K, committed 65408K, reserved 1114112K
  class space    used 8906K, committed 9152K, reserved 1048576K
}
Event: 16.806 GC heap before
{Heap before GC invocations=25 (full 0):
 garbage-first heap   total 116736K, used 73152K [0x0000000080000000, 0x0000000100000000)
  region size 1024K, 9 young (9216K), 1 survivors (1024K)
 Metaspace       used 65379K, committed 65920K, reserved 1114112K
  class space    used 8962K, committed 9216K, reserved 1048576K
}
Event: 16.808 GC heap after
{Heap after GC invocations=26 (full 0):
 garbage-first heap   total 116736K, used 66569K [0x0000000080000000, 0x0000000100000000)
  region size 1024K, 1 young (1024K), 1 survivors (1024K)
 Metaspace       used 65379K, committed 65920K, reserved 1114112K
  class space    used 8962K, committed 9216K, reserved 1048576K
}
Event: 16.847 GC heap before
{Heap before GC invocations=26 (full 0):
 garbage-first heap   total 116736K, used 69641K [0x0000000080000000, 0x0000000100000000)
  region size 1024K, 5 young (5120K), 1 survivors (1024K)
 Metaspace       used 65713K, committed 66240K, reserved 1114112K
  class space    used 9002K, committed 9280K, reserved 1048576K
}
Event: 16.849 GC heap after
{Heap after GC invocations=27 (full 0):
 garbage-first heap   total 116736K, used 66631K [0x0000000080000000, 0x0000000100000000)
  region size 1024K, 1 young (1024K), 1 survivors (1024K)
 Metaspace       used 65713K, committed 66240K, reserved 1114112K
  class space    used 9002K, committed 9280K, reserved 1048576K
}
Event: 17.107 GC heap before
{Heap before GC invocations=27 (full 0):
 garbage-first heap   total 116736K, used 95303K [0x0000000080000000, 0x0000000100000000)
  region size 1024K, 29 young (29696K), 1 survivors (1024K)
 Metaspace       used 68058K, committed 68672K, reserved 1114112K
  class space    used 9313K, committed 9600K, reserved 1048576K
}
Event: 17.109 GC heap after
{Heap after GC invocations=28 (full 0):
 garbage-first heap   total 221184K, used 67432K [0x0000000080000000, 0x0000000100000000)
  region size 1024K, 1 young (1024K), 1 survivors (1024K)
 Metaspace       used 68058K, committed 68672K, reserved 1114112K
  class space    used 9313K, committed 9600K, reserved 1048576K
}
Event: 18.245 GC heap before
{Heap before GC invocations=29 (full 0):
 garbage-first heap   total 221184K, used 186216K [0x0000000080000000, 0x0000000100000000)
  region size 1024K, 112 young (114688K), 1 survivors (1024K)
 Metaspace       used 76760K, committed 77376K, reserved 1179648K
  class space    used 10450K, committed 10752K, reserved 1048576K
}
Event: 18.265 GC heap after
{Heap after GC invocations=30 (full 0):
 garbage-first heap   total 221184K, used 75387K [0x0000000080000000, 0x0000000100000000)
  region size 1024K, 8 young (8192K), 8 survivors (8192K)
 Metaspace       used 76760K, committed 77376K, reserved 1179648K
  class space    used 10450K, committed 10752K, reserved 1048576K
}
Event: 18.302 GC heap before
{Heap before GC invocations=30 (full 0):
 garbage-first heap   total 221184K, used 77435K [0x0000000080000000, 0x0000000100000000)
  region size 1024K, 10 young (10240K), 8 survivors (8192K)
 Metaspace       used 76891K, committed 77504K, reserved 1179648K
  class space    used 10480K, committed 10752K, reserved 1048576K
}
Event: 18.307 GC heap after
{Heap after GC invocations=31 (full 0):
 garbage-first heap   total 221184K, used 76166K [0x0000000080000000, 0x0000000100000000)
  region size 1024K, 2 young (2048K), 2 survivors (2048K)
 Metaspace       used 76891K, committed 77504K, reserved 1179648K
  class space    used 10480K, committed 10752K, reserved 1048576K
}
Event: 19.224 GC heap before
{Heap before GC invocations=31 (full 0):
 garbage-first heap   total 221184K, used 173446K [0x0000000080000000, 0x0000000100000000)
  region size 1024K, 93 young (95232K), 2 survivors (2048K)
 Metaspace       used 85629K, committed 86208K, reserved 1179648K
  class space    used 11679K, committed 11968K, reserved 1048576K
}
Event: 19.228 GC heap after
{Heap after GC invocations=32 (full 0):
 garbage-first heap   total 221184K, used 84664K [0x0000000080000000, 0x0000000100000000)
  region size 1024K, 6 young (6144K), 6 survivors (6144K)
 Metaspace       used 85629K, committed 86208K, reserved 1179648K
  class space    used 11679K, committed 11968K, reserved 1048576K
}
Event: 19.901 GC heap before
{Heap before GC invocations=32 (full 0):
 garbage-first heap   total 221184K, used 174776K [0x0000000080000000, 0x0000000100000000)
  region size 1024K, 93 young (95232K), 6 survivors (6144K)
 Metaspace       used 89827K, committed 90432K, reserved 1179648K
  class space    used 12317K, committed 12608K, reserved 1048576K
}
Event: 19.907 GC heap after
{Heap after GC invocations=33 (full 0):
 garbage-first heap   total 221184K, used 90012K [0x0000000080000000, 0x0000000100000000)
  region size 1024K, 11 young (11264K), 11 survivors (11264K)
 Metaspace       used 89827K, committed 90432K, reserved 1179648K
  class space    used 12317K, committed 12608K, reserved 1048576K
}
Event: 21.385 GC heap before
{Heap before GC invocations=33 (full 0):
 garbage-first heap   total 221184K, used 177052K [0x0000000080000000, 0x0000000100000000)
  region size 1024K, 96 young (98304K), 11 survivors (11264K)
 Metaspace       used 96094K, committed 96768K, reserved 1179648K
  class space    used 13361K, committed 13696K, reserved 1048576K
}
Event: 21.395 GC heap after
{Heap after GC invocations=34 (full 0):
 garbage-first heap   total 221184K, used 93894K [0x0000000080000000, 0x0000000100000000)
  region size 1024K, 10 young (10240K), 10 survivors (10240K)
 Metaspace       used 96094K, committed 96768K, reserved 1179648K
  class space    used 13361K, committed 13696K, reserved 1048576K
}
Event: 22.867 GC heap before
{Heap before GC invocations=34 (full 0):
 garbage-first heap   total 221184K, used 180934K [0x0000000080000000, 0x0000000100000000)
  region size 1024K, 95 young (97280K), 10 survivors (10240K)
 Metaspace       used 103110K, committed 103872K, reserved 1179648K
  class space    used 14366K, committed 14720K, reserved 1048576K
}
Event: 22.876 GC heap after
{Heap after GC invocations=35 (full 0):
 garbage-first heap   total 221184K, used 98947K [0x0000000080000000, 0x0000000100000000)
  region size 1024K, 9 young (9216K), 9 survivors (9216K)
 Metaspace       used 103110K, committed 103872K, reserved 1179648K
  class space    used 14366K, committed 14720K, reserved 1048576K
}

